生成启动时间为 2018/8/30 23:55:37。
     1>项目“E:\C++Project\信管15202131曾俊宇  家谱-孩子兄弟表示法 2.0\家谱-孩子兄弟表示法 2.0\家谱-孩子兄弟表示法 2.0.vcxproj”在节点 2 上(build 个目标)。
     1>InitializeBuildStatus:
         正在创建“Debug\家谱-孩子兄弟表示法 2.0.unsuccessfulbuild”，因为已指定“AlwaysCreate”。
       ClCompile:
         F:\VS2010\VC\bin\CL.exe /c /ZI /nologo /W3 /WX- /Od /Oy- /D _UNICODE /D UNICODE /Gm /EHsc /RTC1 /MDd /GS /fp:precise /Zc:wchar_t /Zc:forScope /Fo"Debug\\" /Fd"Debug\vc100.pdb" /Gd /TP /analyze- /errorReport:prompt jiapu_main.cpp
         jiapu_main.cpp
     1>e:\c++project\信管15202131曾俊宇  家谱-孩子兄弟表示法 2.0\家谱-孩子兄弟表示法 2.0\jiapu.h(115): warning C4996: 'scanf': This function or variable may be unsafe. Consider using scanf_s instead. To disable deprecation, use _CRT_SECURE_NO_WARNINGS. See online help for details.
                 f:\vs2010\vc\include\stdio.h(304) : 参见“scanf”的声明
     1>e:\c++project\信管15202131曾俊宇  家谱-孩子兄弟表示法 2.0\家谱-孩子兄弟表示法 2.0\jiapu.h(132): warning C4996: 'gets': This function or variable may be unsafe. Consider using gets_s instead. To disable deprecation, use _CRT_SECURE_NO_WARNINGS. See online help for details.
                 f:\vs2010\vc\include\stdio.h(277) : 参见“gets”的声明
     1>e:\c++project\信管15202131曾俊宇  家谱-孩子兄弟表示法 2.0\家谱-孩子兄弟表示法 2.0\jiapu.h(140): warning C4996: 'gets': This function or variable may be unsafe. Consider using gets_s instead. To disable deprecation, use _CRT_SECURE_NO_WARNINGS. See online help for details.
                 f:\vs2010\vc\include\stdio.h(277) : 参见“gets”的声明
     1>e:\c++project\信管15202131曾俊宇  家谱-孩子兄弟表示法 2.0\家谱-孩子兄弟表示法 2.0\jiapu.h(154): warning C4996: 'gets': This function or variable may be unsafe. Consider using gets_s instead. To disable deprecation, use _CRT_SECURE_NO_WARNINGS. See online help for details.
                 f:\vs2010\vc\include\stdio.h(277) : 参见“gets”的声明
     1>e:\c++project\信管15202131曾俊宇  家谱-孩子兄弟表示法 2.0\家谱-孩子兄弟表示法 2.0\jiapu.h(126): warning C4101: “n”: 未引用的局部变量
     1>e:\c++project\信管15202131曾俊宇  家谱-孩子兄弟表示法 2.0\家谱-孩子兄弟表示法 2.0\jiapu.h(189): warning C4996: 'gets': This function or variable may be unsafe. Consider using gets_s instead. To disable deprecation, use _CRT_SECURE_NO_WARNINGS. See online help for details.
                 f:\vs2010\vc\include\stdio.h(277) : 参见“gets”的声明
     1>e:\c++project\信管15202131曾俊宇  家谱-孩子兄弟表示法 2.0\家谱-孩子兄弟表示法 2.0\jiapu.h(216): warning C4996: 'gets': This function or variable may be unsafe. Consider using gets_s instead. To disable deprecation, use _CRT_SECURE_NO_WARNINGS. See online help for details.
                 f:\vs2010\vc\include\stdio.h(277) : 参见“gets”的声明
     1>e:\c++project\信管15202131曾俊宇  家谱-孩子兄弟表示法 2.0\家谱-孩子兄弟表示法 2.0\jiapu.h(236): warning C4996: 'gets': This function or variable may be unsafe. Consider using gets_s instead. To disable deprecation, use _CRT_SECURE_NO_WARNINGS. See online help for details.
                 f:\vs2010\vc\include\stdio.h(277) : 参见“gets”的声明
     1>e:\c++project\信管15202131曾俊宇  家谱-孩子兄弟表示法 2.0\家谱-孩子兄弟表示法 2.0\jiapu.h(262): warning C4996: 'gets': This function or variable may be unsafe. Consider using gets_s instead. To disable deprecation, use _CRT_SECURE_NO_WARNINGS. See online help for details.
                 f:\vs2010\vc\include\stdio.h(277) : 参见“gets”的声明
     1>e:\c++project\信管15202131曾俊宇  家谱-孩子兄弟表示法 2.0\家谱-孩子兄弟表示法 2.0\jiapu.h(265): warning C4996: 'gets': This function or variable may be unsafe. Consider using gets_s instead. To disable deprecation, use _CRT_SECURE_NO_WARNINGS. See online help for details.
                 f:\vs2010\vc\include\stdio.h(277) : 参见“gets”的声明
     1>e:\c++project\信管15202131曾俊宇  家谱-孩子兄弟表示法 2.0\家谱-孩子兄弟表示法 2.0\jiapu.h(273): warning C4996: 'gets': This function or variable may be unsafe. Consider using gets_s instead. To disable deprecation, use _CRT_SECURE_NO_WARNINGS. See online help for details.
                 f:\vs2010\vc\include\stdio.h(277) : 参见“gets”的声明
     1>e:\c++project\信管15202131曾俊宇  家谱-孩子兄弟表示法 2.0\家谱-孩子兄弟表示法 2.0\jiapu.h(275): warning C4996: 'gets': This function or variable may be unsafe. Consider using gets_s instead. To disable deprecation, use _CRT_SECURE_NO_WARNINGS. See online help for details.
                 f:\vs2010\vc\include\stdio.h(277) : 参见“gets”的声明
     1>e:\c++project\信管15202131曾俊宇  家谱-孩子兄弟表示法 2.0\家谱-孩子兄弟表示法 2.0\jiapu.h(301): warning C4996: 'fopen': This function or variable may be unsafe. Consider using fopen_s instead. To disable deprecation, use _CRT_SECURE_NO_WARNINGS. See online help for details.
                 f:\vs2010\vc\include\stdio.h(234) : 参见“fopen”的声明
     1>e:\c++project\信管15202131曾俊宇  家谱-孩子兄弟表示法 2.0\家谱-孩子兄弟表示法 2.0\jiapu.h(309): warning C4996: 'fopen': This function or variable may be unsafe. Consider using fopen_s instead. To disable deprecation, use _CRT_SECURE_NO_WARNINGS. See online help for details.
                 f:\vs2010\vc\include\stdio.h(234) : 参见“fopen”的声明
     1>e:\c++project\信管15202131曾俊宇  家谱-孩子兄弟表示法 2.0\家谱-孩子兄弟表示法 2.0\jiapu.h(336): warning C4996: 'fopen': This function or variable may be unsafe. Consider using fopen_s instead. To disable deprecation, use _CRT_SECURE_NO_WARNINGS. See online help for details.
                 f:\vs2010\vc\include\stdio.h(234) : 参见“fopen”的声明
     1>e:\c++project\信管15202131曾俊宇  家谱-孩子兄弟表示法 2.0\家谱-孩子兄弟表示法 2.0\jiapu_main.cpp(14): warning C4996: 'fopen': This function or variable may be unsafe. Consider using fopen_s instead. To disable deprecation, use _CRT_SECURE_NO_WARNINGS. See online help for details.
                 f:\vs2010\vc\include\stdio.h(234) : 参见“fopen”的声明
     1>e:\c++project\信管15202131曾俊宇  家谱-孩子兄弟表示法 2.0\家谱-孩子兄弟表示法 2.0\jiapu_main.cpp(54): warning C4996: 'fopen': This function or variable may be unsafe. Consider using fopen_s instead. To disable deprecation, use _CRT_SECURE_NO_WARNINGS. See online help for details.
                 f:\vs2010\vc\include\stdio.h(234) : 参见“fopen”的声明
       Link:
         F:\VS2010\VC\bin\link.exe /ERRORREPORT:PROMPT /OUT:"E:\C++Project\信管15202131曾俊宇  家谱-孩子兄弟表示法 2.0\Debug\家谱-孩子兄弟表示法 2.0.exe" /NOLOGO kernel32.lib user32.lib gdi32.lib winspool.lib comdlg32.lib advapi32.lib shell32.lib ole32.lib oleaut32.lib uuid.lib odbc32.lib odbccp32.lib /MANIFEST /ManifestFile:"Debug\家谱-孩子兄弟表示法 2.0.exe.intermediate.manifest" /MANIFESTUAC:"level='asInvoker' uiAccess='false'" /DEBUG /PDB:"E:\C++Project\信管15202131曾俊宇  家谱-孩子兄弟表示法 2.0\Debug\家谱-孩子兄弟表示法 2.0.pdb" /STACK:" 100000000"," 100000000" /TLBID:1 /DYNAMICBASE /NXCOMPAT /IMPLIB:"E:\C++Project\信管15202131曾俊宇  家谱-孩子兄弟表示法 2.0\Debug\家谱-孩子兄弟表示法 2.0.lib" /MACHINE:X86 Debug\jiapu_main.obj
         LINK : 没有找到 E:\C++Project\信管15202131曾俊宇  家谱-孩子兄弟表示法 2.0\Debug\家谱-孩子兄弟表示法 2.0.exe 或上一个增量链接没有生成它；正在执行完全链接
         家谱-孩子兄弟表示法 2.0.vcxproj -> E:\C++Project\信管15202131曾俊宇  家谱-孩子兄弟表示法 2.0\Debug\家谱-孩子兄弟表示法 2.0.exe
       Manifest:
         c:\Program Files (x86)\Microsoft SDKs\Windows\v7.0A\bin\mt.exe /nologo /verbose /outputresource:"E:\C++Project\信管15202131曾俊宇  家谱-孩子兄弟表示法 2.0\Debug\家谱-孩子兄弟表示法 2.0.exe;#1" /manifest "Debug\家谱-孩子兄弟表示法 2.0.exe.intermediate.manifest"
       FinalizeBuildStatus:
         正在删除文件“Debug\家谱-孩子兄弟表示法 2.0.unsuccessfulbuild”。
         正在对“Debug\家谱-孩子兄弟表示法 2.0.lastbuildstate”执行 Touch 任务。
     1>已完成生成项目“E:\C++Project\信管15202131曾俊宇  家谱-孩子兄弟表示法 2.0\家谱-孩子兄弟表示法 2.0\家谱-孩子兄弟表示法 2.0.vcxproj”(build 个目标)的操作。

生成成功。

已用时间 00:00:03.25
